h:\2022_windows10_backup\desktop\analysis\hyper-v\fuzzer\hafl2\drivers\cpharness\cpharness\x64\release\vc142.pdb
h:\2022_windows10_backup\desktop\analysis\hyper-v\fuzzer\hafl2\drivers\cpharness\cpharness\x64\release\kernelmodules.obj
h:\2022_windows10_backup\desktop\analysis\hyper-v\fuzzer\hafl2\drivers\cpharness\cpharness\x64\release\driver.obj
h:\2022_windows10_backup\desktop\analysis\hyper-v\fuzzer\hafl2\drivers\cpharness\x64\release\cpharness\cpharness.cat
h:\2022_windows10_backup\desktop\analysis\hyper-v\fuzzer\hafl2\drivers\cpharness\x64\release\cpharness.sys
h:\2022_windows10_backup\desktop\analysis\hyper-v\fuzzer\hafl2\drivers\cpharness\x64\release\cpharness.pdb
h:\2022_windows10_backup\desktop\analysis\hyper-v\fuzzer\hafl2\drivers\cpharness\cpharness\x64\release\cpharness.inf
h:\2022_windows10_backup\desktop\analysis\hyper-v\fuzzer\hafl2\drivers\cpharness\x64\release\cpharness.cer
h:\2022_windows10_backup\desktop\analysis\hyper-v\fuzzer\hafl2\drivers\cpharness\x64\release\cpharness.inf
h:\2022_windows10_backup\desktop\analysis\hyper-v\fuzzer\hafl2\drivers\cpharness\cpharness\x64\release\cpharness.tlog\cl.command.1.tlog
h:\2022_windows10_backup\desktop\analysis\hyper-v\fuzzer\hafl2\drivers\cpharness\cpharness\x64\release\cpharness.tlog\cl.read.1.tlog
h:\2022_windows10_backup\desktop\analysis\hyper-v\fuzzer\hafl2\drivers\cpharness\cpharness\x64\release\cpharness.tlog\cl.write.1.tlog
h:\2022_windows10_backup\desktop\analysis\hyper-v\fuzzer\hafl2\drivers\cpharness\cpharness\x64\release\cpharness.tlog\inf2cat-expand.12632.read.1.tlog
h:\2022_windows10_backup\desktop\analysis\hyper-v\fuzzer\hafl2\drivers\cpharness\cpharness\x64\release\cpharness.tlog\inf2cat-expand.12632.write.1.tlog
h:\2022_windows10_backup\desktop\analysis\hyper-v\fuzzer\hafl2\drivers\cpharness\cpharness\x64\release\cpharness.tlog\inf2cat-expand.read.1.tlog
h:\2022_windows10_backup\desktop\analysis\hyper-v\fuzzer\hafl2\drivers\cpharness\cpharness\x64\release\cpharness.tlog\inf2cat-expand.write.1.tlog
h:\2022_windows10_backup\desktop\analysis\hyper-v\fuzzer\hafl2\drivers\cpharness\cpharness\x64\release\cpharness.tlog\inf2cat.command.1.tlog
h:\2022_windows10_backup\desktop\analysis\hyper-v\fuzzer\hafl2\drivers\cpharness\cpharness\x64\release\cpharness.tlog\inf2cat.read.1.tlog
h:\2022_windows10_backup\desktop\analysis\hyper-v\fuzzer\hafl2\drivers\cpharness\cpharness\x64\release\cpharness.tlog\inf2cat.write.1.tlog
h:\2022_windows10_backup\desktop\analysis\hyper-v\fuzzer\hafl2\drivers\cpharness\cpharness\x64\release\cpharness.tlog\link.command.1.tlog
h:\2022_windows10_backup\desktop\analysis\hyper-v\fuzzer\hafl2\drivers\cpharness\cpharness\x64\release\cpharness.tlog\link.read.1.tlog
h:\2022_windows10_backup\desktop\analysis\hyper-v\fuzzer\hafl2\drivers\cpharness\cpharness\x64\release\cpharness.tlog\link.write.1.tlog
h:\2022_windows10_backup\desktop\analysis\hyper-v\fuzzer\hafl2\drivers\cpharness\cpharness\x64\release\cpharness.tlog\signtool.command.1.tlog
h:\2022_windows10_backup\desktop\analysis\hyper-v\fuzzer\hafl2\drivers\cpharness\cpharness\x64\release\cpharness.tlog\signtool.read.1.tlog
h:\2022_windows10_backup\desktop\analysis\hyper-v\fuzzer\hafl2\drivers\cpharness\cpharness\x64\release\cpharness.tlog\signtool.timestamp.1.tlog
h:\2022_windows10_backup\desktop\analysis\hyper-v\fuzzer\hafl2\drivers\cpharness\cpharness\x64\release\cpharness.tlog\signtool.write.1.tlog
h:\2022_windows10_backup\desktop\analysis\hyper-v\fuzzer\hafl2\drivers\cpharness\cpharness\x64\release\cpharness.tlog\stampinf.command.1.tlog
h:\2022_windows10_backup\desktop\analysis\hyper-v\fuzzer\hafl2\drivers\cpharness\cpharness\x64\release\cpharness.tlog\stampinf.read.1.tlog
h:\2022_windows10_backup\desktop\analysis\hyper-v\fuzzer\hafl2\drivers\cpharness\cpharness\x64\release\cpharness.tlog\stampinf.write.1.tlog
